<?xml version="1.0" encoding="UTF-8"?>
<testsuite xmlns:xsi="http://www.w3.org/2001/XMLSchema-instance" xsi:noNamespaceSchemaLocation="https://maven.apache.org/surefire/maven-surefire-plugin/xsd/surefire-test-report-3.0.xsd" version="3.0" name="TestSuite" time="13.322" tests="1" errors="0" skipped="0" failures="0">
  <properties>
[...]
</properties>
  <testcase name="createKnowledgeBase" classname="testcases.CreateKnowledgeBase" time="4.749">
    <system-out><![CDATA[Properties file loaded successfully: {login_button=//button[@type='submit'], create_using_agent_option=//span[text()='Create using Agent'], knowledge_base_menu=//a[@href="/home/knowledge-base"], add_icon=//button[text()='+'], email_body_input=//div[@id='id-email-body']/div/div/div, text_content=//textarea[@placeholder='Enter Text Content'], knowledgebase_summary=//p[text()='Knowledge Base'], sequence_name_input_box=//div[@id='app-header']/div/div/input, new_sequence_button=//span[text()='New sequence'], create_from_scratch_option=//span[text()='Create from Scratch'], add_action_button=//p[text()='Add action'], launch_button=//button[text()='Launch'], date_posted_input=//input[@name='date_posted'], password=//input[@name='password'], create_button=//button[text()='Create'], i_icon=//img[@data-tooltip-id='missing-data-'], email_action_option=//div[@data-type='email'], text_filename_input=//input[@placeholder='Enter File Name'], knowledge_base_dropdown_arrow=//div[text()='Select knowledge base'], add_documents_button=//button[text()='+ Add'], job_title_input=//input[@name='jobTitle'], knowledgebase_save_button=//button[text()='Save'], save_button=//button[text()='Save'], knowledge_base_name_input=//input[@placeholder='Enter knowlegdebase name'], subject_input=//div[@id='id-email-subject']/div/div/div, text_file_save_button=(//button[text()='Save'])[2], knowledge_base_dropdown_value=//div[@role='listbox']/div[1], add_text_option=//p[text()='Add Text'], username=//input[@name='email']}
Knowledge Base Summary page is displayed successfully!..
]]></system-out>
    <system-err><![CDATA[SLF4J: Failed to load class "org.slf4j.impl.StaticLoggerBinder".
SLF4J: Defaulting to no-operation (NOP) logger implementation
SLF4J: See http://www.slf4j.org/codes.html#StaticLoggerBinder for further details.
ERROR StatusLogger Log4j2 could not find a logging implementation. Please add log4j-core to the classpath. Using SimpleLogger to log to the console...
Mar 21, 2025 12:55:26 PM org.openqa.selenium.devtools.CdpVersionFinder findNearestMatch
WARNING: Unable to find CDP implementation matching 134
Mar 21, 2025 12:55:26 PM org.openqa.selenium.chromium.ChromiumDriver lambda$new$5
WARNING: Unable to find version of CDP to use for 134.0.6998.90. You may need to include a dependency on a specific version of the CDP using something similar to `org.seleniumhq.selenium:selenium-devtools-v86:4.13.0` where the version ("v86") matches the version of the chromium-based browser you're using and the version number of the artifact is the same as Selenium's.
]]></system-err>
  </testcase>
</testsuite>