<?xml version="1.0" encoding="UTF-8"?>
<testng-results ignored="0" total="1" passed="1" failed="0" skipped="0">
  <reporter-output>
  </reporter-output>
  <suite started-at="2025-03-21T12:55:21 IST" name="Suite" finished-at="2025-03-21T12:55:34 IST" duration-ms="12323">
    <groups>
      <group name="success">
        <method signature="CreateKnowledgeBase.createKnowledgeBase()[pri:0, instance:testcases.CreateKnowledgeBase@4dbb42b7]" name="createKnowledgeBase" class="testcases.CreateKnowledgeBase"/>
      </group> <!-- success -->
    </groups>
    <test started-at="2025-03-21T12:55:21 IST" name="Test" finished-at="2025-03-21T12:55:34 IST" duration-ms="12323">
      <class name="testcases.CreateKnowledgeBase">
        <test-method is-config="true" signature="generateReport()[pri:0, instance:testcases.CreateKnowledgeBase@4dbb42b7]" started-at="2025-03-21T12:55:21 IST" name="generateReport" finished-at="2025-03-21T12:55:21 IST" duration-ms="102" status="PASS">
          <reporter-output>
          </reporter-output>
        </test-method> <!-- generateReport -->
        <test-method is-config="true" signature="preConditions(java.lang.String,java.lang.String,java.lang.String)[pri:0, instance:testcases.CreateKnowledgeBase@4dbb42b7]" started-at="2025-03-21T12:55:21 IST" name="preConditions" finished-at="2025-03-21T12:55:29 IST" duration-ms="7288" status="PASS">
          <params>
            <param index="0">
              <value>
                <![CDATA[bavithra.duraisamy@nurturebox.ai]]>
              </value>
            </param>
            <param index="1">
              <value>
                <![CDATA[test@1234]]>
              </value>
            </param>
            <param index="2">
              <value>
                <![CDATA[https://logindev.nurturebox.ai/login]]>
              </value>
            </param>
          </params>
          <reporter-output>
          </reporter-output>
        </test-method> <!-- preConditions -->
        <test-method signature="createKnowledgeBase()[pri:0, instance:testcases.CreateKnowledgeBase@4dbb42b7]" started-at="2025-03-21T12:55:29 IST" name="createKnowledgeBase" finished-at="2025-03-21T12:55:33 IST" duration-ms="4747" status="PASS">
          <reporter-output>
          </reporter-output>
        </test-method> <!-- createKnowledgeBase -->
        <test-method is-config="true" signature="quitBrowser()[pri:0, instance:testcases.CreateKnowledgeBase@4dbb42b7]" started-at="2025-03-21T12:55:33 IST" name="quitBrowser" finished-at="2025-03-21T12:55:34 IST" duration-ms="268" status="PASS">
          <reporter-output>
          </reporter-output>
        </test-method> <!-- quitBrowser -->
        <test-method is-config="true" signature="closeReport()[pri:0, instance:testcases.CreateKnowledgeBase@4dbb42b7]" started-at="2025-03-21T12:55:34 IST" name="closeReport" finished-at="2025-03-21T12:55:34 IST" duration-ms="425" status="PASS">
          <reporter-output>
          </reporter-output>
        </test-method> <!-- closeReport -->
      </class> <!-- testcases.CreateKnowledgeBase -->
    </test> <!-- Test -->
  </suite> <!-- Suite -->
</testng-results>
