<?xml version="1.0" encoding="UTF-8"?>
<testng-results ignored="0" total="1" passed="1" failed="0" skipped="0">
  <reporter-output>
  </reporter-output>
  <suite started-at="2025-03-25T11:30:33 IST" name="Suite" finished-at="2025-03-25T11:31:12 IST" duration-ms="38698">
    <groups>
      <group name="success">
        <method signature="CreateKnowledgeBaseByAddingWebUrls.createKnowledgeBase()[pri:0, instance:testcases.CreateKnowledgeBaseByAddingWebUrls@793f29ff]" name="createKnowledgeBase" class="testcases.CreateKnowledgeBaseByAddingWebUrls"/>
      </group> <!-- success -->
    </groups>
    <test started-at="2025-03-25T11:30:33 IST" name="Test" finished-at="2025-03-25T11:31:12 IST" duration-ms="38698">
      <class name="testcases.CreateKnowledgeBaseByAddingWebUrls">
        <test-method is-config="true" signature="generateReport()[pri:0, instance:testcases.CreateKnowledgeBaseByAddingWebUrls@793f29ff]" started-at="2025-03-25T11:30:33 IST" name="generateReport" finished-at="2025-03-25T11:30:33 IST" duration-ms="147" status="PASS">
          <reporter-output>
          </reporter-output>
        </test-method> <!-- generateReport -->
        <test-method is-config="true" signature="preConditions(java.lang.String,java.lang.String,java.lang.String)[pri:0, instance:testcases.CreateKnowledgeBaseByAddingWebUrls@793f29ff]" started-at="2025-03-25T11:30:33 IST" name="preConditions" finished-at="2025-03-25T11:30:37 IST" duration-ms="4428" status="PASS">
          <params>
            <param index="0">
              <value>
                <![CDATA[bavithra.duraisamy@nurturebox.ai]]>
              </value>
            </param>
            <param index="1">
              <value>
                <![CDATA[test@1234]]>
              </value>
            </param>
            <param index="2">
              <value>
                <![CDATA[https://logindev.nurturebox.ai/login]]>
              </value>
            </param>
          </params>
          <reporter-output>
          </reporter-output>
        </test-method> <!-- preConditions -->
        <test-method signature="createKnowledgeBase()[pri:0, instance:testcases.CreateKnowledgeBaseByAddingWebUrls@793f29ff]" started-at="2025-03-25T11:30:37 IST" name="createKnowledgeBase" finished-at="2025-03-25T11:31:11 IST" duration-ms="33917" status="PASS">
          <reporter-output>
          </reporter-output>
        </test-method> <!-- createKnowledgeBase -->
        <test-method is-config="true" signature="quitBrowser()[pri:0, instance:testcases.CreateKnowledgeBaseByAddingWebUrls@793f29ff]" started-at="2025-03-25T11:31:11 IST" name="quitBrowser" finished-at="2025-03-25T11:31:12 IST" duration-ms="316" status="PASS">
          <reporter-output>
          </reporter-output>
        </test-method> <!-- quitBrowser -->
        <test-method is-config="true" signature="closeReport()[pri:0, instance:testcases.CreateKnowledgeBaseByAddingWebUrls@793f29ff]" started-at="2025-03-25T11:31:12 IST" name="closeReport" finished-at="2025-03-25T11:31:12 IST" duration-ms="751" status="PASS">
          <reporter-output>
          </reporter-output>
        </test-method> <!-- closeReport -->
      </class> <!-- testcases.CreateKnowledgeBaseByAddingWebUrls -->
    </test> <!-- Test -->
  </suite> <!-- Suite -->
</testng-results>
